[35m[1mScanning dependencies of target _bringup_car_generate_messages_check_deps_MotorStatusLR[0m
[35m[1mScanning dependencies of target _bringup_car_generate_messages_check_deps_MotorStatus[0m
[35m[1mScanning dependencies of target _bringup_car_generate_messages_check_deps_SPI[0m
[  0%] Built target _bringup_car_generate_messages_check_deps_MotorStatus
[  0%] Built target _bringup_car_generate_messages_check_deps_SPI
[35m[1mScanning dependencies of target std_msgs_generate_messages_py[0m
[  0%] Built target _bringup_car_generate_messages_check_deps_MotorStatusLR
[35m[1mScanning dependencies of target std_msgs_generate_messages_nodejs[0m
[  0%] Built target std_msgs_generate_messages_py
[35m[1mScanning dependencies of target std_msgs_generate_messages_lisp[0m
[  0%] Built target std_msgs_generate_messages_nodejs
[35m[1mScanning dependencies of target std_msgs_generate_messages_eus[0m
[  0%] Built target std_msgs_generate_messages_lisp
[35m[1mScanning dependencies of target std_msgs_generate_messages_cpp[0m
[  0%] Built target std_msgs_generate_messages_eus
[35m[1mScanning dependencies of target bringup_car_generate_messages_py[0m
[  0%] Built target std_msgs_generate_messages_cpp
[35m[1mScanning dependencies of target bringup_car_generate_messages_nodejs[0m
[  5%] [34m[1mGenerating Python from MSG bringup_car/MotorStatus[0m
[ 11%] [34m[1mGenerating Python from MSG bringup_car/MotorStatusLR[0m
[ 16%] [34m[1mGenerating Javascript code from bringup_car/MotorStatus.msg[0m
[ 22%] [34m[1mGenerating Javascript code from bringup_car/MotorStatusLR.msg[0m
[ 27%] [34m[1mGenerating Javascript code from bringup_car/SPI.srv[0m
[ 27%] Built target bringup_car_generate_messages_nodejs
[ 33%] [34m[1mGenerating Python code from SRV bringup_car/SPI[0m
[35m[1mScanning dependencies of target bringup_car_generate_messages_lisp[0m
[ 38%] [34m[1mGenerating Lisp code from bringup_car/MotorStatus.msg[0m
[ 44%] [34m[1mGenerating Lisp code from bringup_car/MotorStatusLR.msg[0m
[ 50%] [34m[1mGenerating Python msg __init__.py for bringup_car[0m
[ 55%] [34m[1mGenerating Lisp code from bringup_car/SPI.srv[0m
[ 61%] [34m[1mGenerating Python srv __init__.py for bringup_car[0m
[ 61%] Built target bringup_car_generate_messages_lisp
[35m[1mScanning dependencies of target bringup_car_generate_messages_eus[0m
[ 66%] [34m[1mGenerating EusLisp code from bringup_car/MotorStatus.msg[0m
[ 72%] [34m[1mGenerating EusLisp code from bringup_car/MotorStatusLR.msg[0m
[ 72%] Built target bringup_car_generate_messages_py
[ 77%] [34m[1mGenerating EusLisp code from bringup_car/SPI.srv[0m
[35m[1mScanning dependencies of target bringup_car_generate_messages_cpp[0m
[ 83%] [34m[1mGenerating C++ code from bringup_car/MotorStatus.msg[0m
[ 88%] [34m[1mGenerating C++ code from bringup_car/MotorStatusLR.msg[0m
[ 94%] [34m[1mGenerating EusLisp manifest code for bringup_car[0m
[100%] [34m[1mGenerating C++ code from bringup_car/SPI.srv[0m
[100%] Built target bringup_car_generate_messages_cpp
[100%] Built target bringup_car_generate_messages_eus
[35m[1mScanning dependencies of target bringup_car_generate_messages[0m
[100%] Built target bringup_car_generate_messages
