Symlinking /home/pi/catkin_ws/devel/include/bringup_car/SPIResponse.h
Symlinking /home/pi/catkin_ws/devel/include/bringup_car/MotorStatusLR.h
Symlinking /home/pi/catkin_ws/devel/include/bringup_car/SPI.h
Symlinking /home/pi/catkin_ws/devel/include/bringup_car/MotorStatus.h
Symlinking /home/pi/catkin_ws/devel/include/bringup_car/SPIRequest.h
Symlinking /home/pi/catkin_ws/devel/lib/pkgconfig/bringup_car.pc
Symlinking /home/pi/catkin_ws/devel/lib/python3/dist-packages/bringup_car/__init__.py
Symlinking /home/pi/catkin_ws/devel/lib/python3/dist-packages/bringup_car/msg/_MotorStatusLR.py
Symlinking /home/pi/catkin_ws/devel/lib/python3/dist-packages/bringup_car/msg/_MotorStatus.py
Symlinking /home/pi/catkin_ws/devel/lib/python3/dist-packages/bringup_car/msg/__init__.py
Symlinking /home/pi/catkin_ws/devel/lib/python3/dist-packages/bringup_car/srv/_SPI.py
Symlinking /home/pi/catkin_ws/devel/lib/python3/dist-packages/bringup_car/srv/__init__.py
Symlinking /home/pi/catkin_ws/devel/share/roseus/ros/bringup_car/manifest.l
Symlinking /home/pi/catkin_ws/devel/share/roseus/ros/bringup_car/msg/MotorStatusLR.l
Symlinking /home/pi/catkin_ws/devel/share/roseus/ros/bringup_car/msg/MotorStatus.l
Symlinking /home/pi/catkin_ws/devel/share/roseus/ros/bringup_car/srv/SPI.l
Symlinking /home/pi/catkin_ws/devel/share/common-lisp/ros/bringup_car/msg/_package_MotorStatus.lisp
Symlinking /home/pi/catkin_ws/devel/share/common-lisp/ros/bringup_car/msg/bringup_car-msg.asd
Symlinking /home/pi/catkin_ws/devel/share/common-lisp/ros/bringup_car/msg/MotorStatusLR.lisp
Symlinking /home/pi/catkin_ws/devel/share/common-lisp/ros/bringup_car/msg/_package_MotorStatusLR.lisp
Symlinking /home/pi/catkin_ws/devel/share/common-lisp/ros/bringup_car/msg/_package.lisp
Symlinking /home/pi/catkin_ws/devel/share/common-lisp/ros/bringup_car/msg/MotorStatus.lisp
Symlinking /home/pi/catkin_ws/devel/share/common-lisp/ros/bringup_car/srv/SPI.lisp
Symlinking /home/pi/catkin_ws/devel/share/common-lisp/ros/bringup_car/srv/_package_SPI.lisp
Symlinking /home/pi/catkin_ws/devel/share/common-lisp/ros/bringup_car/srv/bringup_car-srv.asd
Symlinking /home/pi/catkin_ws/devel/share/common-lisp/ros/bringup_car/srv/_package.lisp
Symlinking /home/pi/catkin_ws/devel/share/bringup_car/cmake/bringup_carConfig-version.cmake
Symlinking /home/pi/catkin_ws/devel/share/bringup_car/cmake/bringup_car-msg-extras.cmake
Symlinking /home/pi/catkin_ws/devel/share/bringup_car/cmake/bringup_carConfig.cmake
Symlinking /home/pi/catkin_ws/devel/share/bringup_car/cmake/bringup_car-msg-paths.cmake
Symlinking /home/pi/catkin_ws/devel/share/gennodejs/ros/bringup_car/_index.js
Symlinking /home/pi/catkin_ws/devel/share/gennodejs/ros/bringup_car/msg/MotorStatus.js
Symlinking /home/pi/catkin_ws/devel/share/gennodejs/ros/bringup_car/msg/_index.js
Symlinking /home/pi/catkin_ws/devel/share/gennodejs/ros/bringup_car/msg/MotorStatusLR.js
Symlinking /home/pi/catkin_ws/devel/share/gennodejs/ros/bringup_car/srv/_index.js
Symlinking /home/pi/catkin_ws/devel/share/gennodejs/ros/bringup_car/srv/SPI.js
